# JRE version: OpenJDK Runtime Environment (11.0.4+10) (build 11.0.4+10-b520.11)
# Java VM: OpenJDK 64-Bit Server VM (11.0.4+10-b520.11, mixed mode, tiered, compressed oops, g1 gc, bsd-amd64)
Heap:
 garbage-first heap   total 131072K, used 108399K [0x0000000780000000, 0x0000000800000000)
  region size 1024K, 11 young (11264K), 2 survivors (2048K)
 Metaspace       used 51998K, capacity 54149K, committed 54396K, reserved 1097728K
  class space    used 6185K, capacity 7096K, committed 7116K, reserved 1048576K
GC Heap History (10 events):
Event: 360.724 GC heap before
{Heap before GC invocations=45 (full 0):
 garbage-first heap   total 131072K, used 111880K [0x0000000780000000, 0x0000000800000000)
  region size 1024K, 8 young (8192K), 2 survivors (2048K)
 Metaspace       used 44954K, capacity 46875K, committed 46972K, reserved 1089536K
  class space    used 5308K, capacity 6064K, committed 6092K, reserved 1048576K
}
Event: 360.729 GC heap after
{Heap after GC invocations=46 (full 0):
 garbage-first heap   total 131072K, used 106577K [0x0000000780000000, 0x0000000800000000)
  region size 1024K, 1 young (1024K), 1 survivors (1024K)
 Metaspace       used 44954K, capacity 46875K, committed 46972K, reserved 1089536K
  class space    used 5308K, capacity 6064K, committed 6092K, reserved 1048576K
}
Event: 524.597 GC heap before
{Heap before GC invocations=47 (full 0):
 garbage-first heap   total 131072K, used 111697K [0x0000000780000000, 0x0000000800000000)
  region size 1024K, 6 young (6144K), 1 survivors (1024K)
 Metaspace       used 44986K, capacity 46971K, committed 47356K, reserved 1091584K
  class space    used 5313K, capacity 6096K, committed 6220K, reserved 1048576K
}
Event: 524.602 GC heap after
{Heap after GC invocations=48 (full 0):
 garbage-first heap   total 131072K, used 106565K [0x0000000780000000, 0x0000000800000000)
  region size 1024K, 1 young (1024K), 1 survivors (1024K)
 Metaspace       used 44986K, capacity 46971K, committed 47356K, reserved 1091584K
  class space    used 5313K, capacity 6096K, committed 6220K, reserved 1048576K
}
Event: 549.572 GC heap before
{Heap before GC invocations=48 (full 0):
 garbage-first heap   total 131072K, used 111685K [0x0000000780000000, 0x0000000800000000)
  region size 1024K, 6 young (6144K), 1 survivors (1024K)
 Metaspace       used 45019K, capacity 46983K, committed 47356K, reserved 1091584K
  class space    used 5317K, capacity 6100K, committed 6220K, reserved 1048576K
}
Event: 549.594 GC heap after
{Heap after GC invocations=49 (full 0):
 garbage-first heap   total 131072K, used 96803K [0x0000000780000000, 0x0000000800000000)
  region size 1024K, 1 young (1024K), 1 survivors (1024K)
 Metaspace       used 45019K, capacity 46983K, committed 47356K, reserved 1091584K
  class space    used 5317K, capacity 6100K, committed 6220K, reserved 1048576K
}
Event: 569.451 GC heap before
{Heap before GC invocations=49 (full 0):
 garbage-first heap   total 131072K, used 106019K [0x0000000780000000, 0x0000000800000000)
  region size 1024K, 10 young (10240K), 1 survivors (1024K)
 Metaspace       used 45066K, capacity 46984K, committed 47356K, reserved 1091584K
  class space    used 5319K, capacity 6100K, committed 6220K, reserved 1048576K
}
Event: 569.460 GC heap after
{Heap after GC invocations=50 (full 0):
 garbage-first heap   total 131072K, used 98141K [0x0000000780000000, 0x0000000800000000)
  region size 1024K, 2 young (2048K), 2 survivors (2048K)
 Metaspace       used 45066K, capacity 46984K, committed 47356K, reserved 1091584K
  class space    used 5319K, capacity 6100K, committed 6220K, reserved 1048576K
}
Event: 575.266 GC heap before
{Heap before GC invocations=51 (full 0):
 garbage-first heap   total 131072K, used 107357K [0x0000000780000000, 0x0000000800000000)
  region size 1024K, 11 young (11264K), 2 survivors (2048K)
 Metaspace       used 46658K, capacity 48637K, committed 48764K, reserved 1091584K
  class space    used 5486K, capacity 6313K, committed 6348K, reserved 1048576K
}
Event: 575.273 GC heap after
{Heap after GC invocations=52 (full 0):
 garbage-first heap   total 131072K, used 100207K [0x0000000780000000, 0x0000000800000000)
  region size 1024K, 2 young (2048K), 2 survivors (2048K)
 Metaspace       used 46658K, capacity 48637K, committed 48764K, reserved 1091584K
  class space    used 5486K, capacity 6313K, committed 6348K, reserved 1048576K
}

